[2022-02-14 13:07:14] main.DEBUG: cache_invalidate:  {"method":"GET","url":"http:/","invalidateInfo":{"tags":["FPC"],"mode":"matchingTag"}} []
[2022-02-14 13:07:16] main.DEBUG: cache_invalidate:  {"method":"GET","url":"http:/","invalidateInfo":{"tags":["FPC"],"mode":"matchingTag"}} []
[2022-02-14 13:07:16] main.DEBUG: cache_invalidate:  {"method":"GET","url":"http:/","invalidateInfo":{"tags":["CONFIG"],"mode":"matchingTag"}} []
[2022-02-14 13:07:16] main.DEBUG: cache_invalidate:  {"method":"GET","url":"http:/","invalidateInfo":{"tags":["LAYOUT_GENERAL_CACHE_TAG"],"mode":"matchingTag"}} []
[2022-02-14 13:07:16] main.DEBUG: cache_invalidate:  {"method":"GET","url":"http:/","invalidateInfo":{"tags":["BLOCK_HTML"],"mode":"matchingTag"}} []
[2022-02-14 13:07:16] main.DEBUG: cache_invalidate:  {"method":"GET","url":"http:/","invalidateInfo":{"tags":["COLLECTION_DATA"],"mode":"matchingTag"}} []
[2022-02-14 13:07:16] main.DEBUG: cache_invalidate:  {"method":"GET","url":"http:/","invalidateInfo":{"tags":["REFLECTION"],"mode":"matchingTag"}} []
[2022-02-14 13:07:16] main.DEBUG: cache_invalidate:  {"method":"GET","url":"http:/","invalidateInfo":{"tags":["DB_DDL"],"mode":"matchingTag"}} []
[2022-02-14 13:07:16] main.DEBUG: cache_invalidate:  {"method":"GET","url":"http:/","invalidateInfo":{"tags":["COMPILED_CONFIG"],"mode":"matchingTag"}} []
[2022-02-14 13:07:16] main.DEBUG: cache_invalidate:  {"method":"GET","url":"http:/","invalidateInfo":{"tags":["EAV"],"mode":"matchingTag"}} []
[2022-02-14 13:07:16] main.DEBUG: cache_invalidate:  {"method":"GET","url":"http:/","invalidateInfo":{"tags":["CUSTOMER_NOTIFICATION"],"mode":"matchingTag"}} []
[2022-02-14 13:07:16] main.DEBUG: cache_invalidate:  {"method":"GET","url":"http:/","invalidateInfo":{"tags":["INTEGRATION"],"mode":"matchingTag"}} []
[2022-02-14 13:07:16] main.DEBUG: cache_invalidate:  {"method":"GET","url":"http:/","invalidateInfo":{"tags":["INTEGRATION_API_CONFIG"],"mode":"matchingTag"}} []
[2022-02-14 13:07:16] main.DEBUG: cache_invalidate:  {"method":"GET","url":"http:/","invalidateInfo":{"tags":["FPC"],"mode":"matchingTag"}} []
[2022-02-14 13:07:16] main.DEBUG: cache_invalidate:  {"method":"GET","url":"http:/","invalidateInfo":{"tags":["WEBSERVICE"],"mode":"matchingTag"}} []
[2022-02-14 13:07:16] main.DEBUG: cache_invalidate:  {"method":"GET","url":"http:/","invalidateInfo":{"tags":["TRANSLATE"],"mode":"matchingTag"}} []
[2022-02-14 13:07:16] main.DEBUG: cache_invalidate:  {"method":"GET","url":"http:/","invalidateInfo":{"tags":["VERTEX"],"mode":"matchingTag"}} []
[2022-02-14 13:07:23] main.DEBUG: cache_invalidate:  {"method":"GET","url":"http:/","invalidateInfo":{"tags":["CONFIG"],"mode":"matchingTag"}} []
[2022-02-14 13:07:23] main.DEBUG: cache_invalidate:  {"method":"GET","url":"http:/","invalidateInfo":{"tags":["LAYOUT_GENERAL_CACHE_TAG"],"mode":"matchingTag"}} []
[2022-02-14 13:07:23] main.DEBUG: cache_invalidate:  {"method":"GET","url":"http:/","invalidateInfo":{"tags":["BLOCK_HTML"],"mode":"matchingTag"}} []
[2022-02-14 13:07:23] main.DEBUG: cache_invalidate:  {"method":"GET","url":"http:/","invalidateInfo":{"tags":["COLLECTION_DATA"],"mode":"matchingTag"}} []
[2022-02-14 13:07:23] main.DEBUG: cache_invalidate:  {"method":"GET","url":"http:/","invalidateInfo":{"tags":["REFLECTION"],"mode":"matchingTag"}} []
[2022-02-14 13:07:23] main.DEBUG: cache_invalidate:  {"method":"GET","url":"http:/","invalidateInfo":{"tags":["DB_DDL"],"mode":"matchingTag"}} []
[2022-02-14 13:07:23] main.DEBUG: cache_invalidate:  {"method":"GET","url":"http:/","invalidateInfo":{"tags":["COMPILED_CONFIG"],"mode":"matchingTag"}} []
[2022-02-14 13:07:23] main.DEBUG: cache_invalidate:  {"method":"GET","url":"http:/","invalidateInfo":{"tags":["EAV"],"mode":"matchingTag"}} []
[2022-02-14 13:07:23] main.DEBUG: cache_invalidate:  {"method":"GET","url":"http:/","invalidateInfo":{"tags":["CUSTOMER_NOTIFICATION"],"mode":"matchingTag"}} []
[2022-02-14 13:07:23] main.DEBUG: cache_invalidate:  {"method":"GET","url":"http:/","invalidateInfo":{"tags":["INTEGRATION"],"mode":"matchingTag"}} []
[2022-02-14 13:07:23] main.DEBUG: cache_invalidate:  {"method":"GET","url":"http:/","invalidateInfo":{"tags":["INTEGRATION_API_CONFIG"],"mode":"matchingTag"}} []
[2022-02-14 13:07:23] main.DEBUG: cache_invalidate:  {"method":"GET","url":"http:/","invalidateInfo":{"tags":["FPC"],"mode":"matchingTag"}} []
[2022-02-14 13:07:23] main.DEBUG: cache_invalidate:  {"method":"GET","url":"http:/","invalidateInfo":{"tags":["WEBSERVICE"],"mode":"matchingTag"}} []
[2022-02-14 13:07:23] main.DEBUG: cache_invalidate:  {"method":"GET","url":"http:/","invalidateInfo":{"tags":["TRANSLATE"],"mode":"matchingTag"}} []
[2022-02-14 13:07:23] main.DEBUG: cache_invalidate:  {"method":"GET","url":"http:/","invalidateInfo":{"tags":["VERTEX"],"mode":"matchingTag"}} []
[2022-02-14 13:07:28] main.DEBUG: cache_invalidate:  {"method":"GET","url":"http:/","invalidateInfo":{"tags":["CONFIG"],"mode":"matchingTag"}} []
[2022-02-14 13:07:29] main.DEBUG: cache_invalidate:  {"method":"GET","url":"http:/","invalidateInfo":{"identifier":"DB_PDO_MYSQL_DDL_design_config_grid_flat_1"}} []
[2022-02-14 13:07:29] main.DEBUG: cache_invalidate:  {"method":"GET","url":"http:/","invalidateInfo":{"identifier":"DB_PDO_MYSQL_DDL_design_config_grid_flat_2"}} []
[2022-02-14 13:07:29] main.DEBUG: cache_invalidate:  {"method":"GET","url":"http:/","invalidateInfo":{"identifier":"DB_PDO_MYSQL_DDL_design_config_grid_flat_3"}} []
[2022-02-14 13:07:29] main.DEBUG: cache_invalidate:  {"method":"GET","url":"http:/","invalidateInfo":{"identifier":"DB_PDO_MYSQL_DDL_design_config_grid_flat_4"}} []
[2022-02-14 13:07:29] main.DEBUG: cache_invalidate:  {"method":"GET","url":"http:/","invalidateInfo":{"identifier":"DB_PDO_MYSQL_DDL_design_config_grid_flat_1"}} []
[2022-02-14 13:07:29] main.DEBUG: cache_invalidate:  {"method":"GET","url":"http:/","invalidateInfo":{"identifier":"DB_PDO_MYSQL_DDL_design_config_grid_flat_2"}} []
[2022-02-14 13:07:29] main.DEBUG: cache_invalidate:  {"method":"GET","url":"http:/","invalidateInfo":{"identifier":"DB_PDO_MYSQL_DDL_design_config_grid_flat_3"}} []
[2022-02-14 13:07:29] main.DEBUG: cache_invalidate:  {"method":"GET","url":"http:/","invalidateInfo":{"identifier":"DB_PDO_MYSQL_DDL_design_config_grid_flat_4"}} []
[2022-02-14 13:07:34] main.DEBUG: cache_invalidate:  {"method":"GET","url":"http:/","invalidateInfo":{"tags":["LAYOUT_GENERAL_CACHE_TAG"],"mode":"matchingTag"}} []
[2022-02-14 13:07:34] main.DEBUG: cache_invalidate:  {"method":"GET","url":"http:/","invalidateInfo":{"tags":["BLOCK_HTML"],"mode":"matchingTag"}} []
[2022-02-14 13:07:34] main.DEBUG: cache_invalidate:  {"method":"GET","url":"http:/","invalidateInfo":{"tags":["FPC"],"mode":"matchingTag"}} []
[2022-02-14 13:07:39] main.DEBUG: cache_invalidate:  {"method":"GET","url":"http:/","invalidateInfo":{"tags":[],"mode":"all"}} []
[2022-02-14 13:07:39] main.DEBUG: cache_invalidate:  {"method":"GET","url":"http:/","invalidateInfo":{"tags":[],"mode":"all"}} []
[2022-02-14 13:08:18] main.DEBUG: cache_invalidate:  {"method":"GET","url":"http:/","invalidateInfo":{"tags":["FPC"],"mode":"matchingTag"}} []
[2022-02-14 13:08:21] main.DEBUG: cache_invalidate:  {"method":"GET","url":"http:/","invalidateInfo":{"tags":["FPC"],"mode":"matchingTag"}} []
[2022-02-14 13:08:21] main.DEBUG: cache_invalidate:  {"method":"GET","url":"http:/","invalidateInfo":{"tags":["CONFIG"],"mode":"matchingTag"}} []
[2022-02-14 13:08:21] main.DEBUG: cache_invalidate:  {"method":"GET","url":"http:/","invalidateInfo":{"tags":["LAYOUT_GENERAL_CACHE_TAG"],"mode":"matchingTag"}} []
[2022-02-14 13:08:21] main.DEBUG: cache_invalidate:  {"method":"GET","url":"http:/","invalidateInfo":{"tags":["BLOCK_HTML"],"mode":"matchingTag"}} []
[2022-02-14 13:08:21] main.DEBUG: cache_invalidate:  {"method":"GET","url":"http:/","invalidateInfo":{"tags":["COLLECTION_DATA"],"mode":"matchingTag"}} []
[2022-02-14 13:08:21] main.DEBUG: cache_invalidate:  {"method":"GET","url":"http:/","invalidateInfo":{"tags":["REFLECTION"],"mode":"matchingTag"}} []
[2022-02-14 13:08:21] main.DEBUG: cache_invalidate:  {"method":"GET","url":"http:/","invalidateInfo":{"tags":["DB_DDL"],"mode":"matchingTag"}} []
[2022-02-14 13:08:21] main.DEBUG: cache_invalidate:  {"method":"GET","url":"http:/","invalidateInfo":{"tags":["COMPILED_CONFIG"],"mode":"matchingTag"}} []
[2022-02-14 13:08:21] main.DEBUG: cache_invalidate:  {"method":"GET","url":"http:/","invalidateInfo":{"tags":["EAV"],"mode":"matchingTag"}} []
[2022-02-14 13:08:21] main.DEBUG: cache_invalidate:  {"method":"GET","url":"http:/","invalidateInfo":{"tags":["CUSTOMER_NOTIFICATION"],"mode":"matchingTag"}} []
[2022-02-14 13:08:21] main.DEBUG: cache_invalidate:  {"method":"GET","url":"http:/","invalidateInfo":{"tags":["INTEGRATION"],"mode":"matchingTag"}} []
[2022-02-14 13:08:21] main.DEBUG: cache_invalidate:  {"method":"GET","url":"http:/","invalidateInfo":{"tags":["INTEGRATION_API_CONFIG"],"mode":"matchingTag"}} []
[2022-02-14 13:08:21] main.DEBUG: cache_invalidate:  {"method":"GET","url":"http:/","invalidateInfo":{"tags":["FPC"],"mode":"matchingTag"}} []
[2022-02-14 13:08:21] main.DEBUG: cache_invalidate:  {"method":"GET","url":"http:/","invalidateInfo":{"tags":["WEBSERVICE"],"mode":"matchingTag"}} []
[2022-02-14 13:08:21] main.DEBUG: cache_invalidate:  {"method":"GET","url":"http:/","invalidateInfo":{"tags":["TRANSLATE"],"mode":"matchingTag"}} []
[2022-02-14 13:08:21] main.DEBUG: cache_invalidate:  {"method":"GET","url":"http:/","invalidateInfo":{"tags":["VERTEX"],"mode":"matchingTag"}} []
[2022-02-14 13:56:49] main.ERROR: Class Ajay\TestGQ\Model\Resolver\CreatPickUpStore does not exist {"exception":"[object] (GraphQL\\Error\\Error(code: 0): Class Ajay\\TestGQ\\Model\\Resolver\\CreatPickUpStore does not exist at /var/www/html/dev/m240p1/vendor/webonyx/graphql-php/src/Error/Error.php:174, ReflectionException(code: -1): Class Ajay\\TestGQ\\Model\\Resolver\\CreatPickUpStore does not exist at /var/www/html/dev/m240p1/vendor/magento/framework/Code/Reader/ClassReader.php:26)"} []
[2022-02-14 13:56:49] main.ERROR: Cannot query field "getCountNumberDays" on type "Query". {"exception":"[object] (GraphQL\\Error\\Error(code: 0): Cannot query field \"getCountNumberDays\" on type \"Query\". at /var/www/html/dev/m240p1/vendor/webonyx/graphql-php/src/Validator/Rules/FieldsOnCorrectType.php:56)"} []
[2022-02-14 14:06:43] main.ERROR: Class Ajay\TestGQ\Model\Resolver\CreatPickUpStore does not exist {"exception":"[object] (GraphQL\\Error\\Error(code: 0): Class Ajay\\TestGQ\\Model\\Resolver\\CreatPickUpStore does not exist at /var/www/html/dev/m240p1/vendor/webonyx/graphql-php/src/Error/Error.php:174, ReflectionException(code: -1): Class Ajay\\TestGQ\\Model\\Resolver\\CreatPickUpStore does not exist at /var/www/html/dev/m240p1/vendor/magento/framework/Code/Reader/ClassReader.php:26)"} []
[2022-02-14 14:06:43] main.ERROR: Syntax Error: Unexpected <EOF> {"exception":"[object] (GraphQL\\Error\\SyntaxError(code: 0): Syntax Error: Unexpected <EOF> at /var/www/html/dev/m240p1/vendor/webonyx/graphql-php/src/Language/Parser.php:296)"} []
[2022-02-14 14:06:44] main.ERROR: Class Ajay\TestGQ\Model\Resolver\CreatPickUpStore does not exist {"exception":"[object] (GraphQL\\Error\\Error(code: 0): Class Ajay\\TestGQ\\Model\\Resolver\\CreatPickUpStore does not exist at /var/www/html/dev/m240p1/vendor/webonyx/graphql-php/src/Error/Error.php:174, ReflectionException(code: -1): Class Ajay\\TestGQ\\Model\\Resolver\\CreatPickUpStore does not exist at /var/www/html/dev/m240p1/vendor/magento/framework/Code/Reader/ClassReader.php:26)"} []
[2022-02-14 14:06:46] main.ERROR: Syntax Error: Unexpected <EOF> {"exception":"[object] (GraphQL\\Error\\SyntaxError(code: 0): Syntax Error: Unexpected <EOF> at /var/www/html/dev/m240p1/vendor/webonyx/graphql-php/src/Language/Parser.php:296)"} []
[2022-02-14 14:06:50] main.ERROR: Syntax Error: Unexpected <EOF> {"exception":"[object] (GraphQL\\Error\\SyntaxError(code: 0): Syntax Error: Unexpected <EOF> at /var/www/html/dev/m240p1/vendor/webonyx/graphql-php/src/Language/Parser.php:296)"} []
[2022-02-14 14:07:00] main.ERROR: Class Ajay\TestGQ\Model\Resolver\CreatPickUpStore does not exist {"exception":"[object] (GraphQL\\Error\\Error(code: 0): Class Ajay\\TestGQ\\Model\\Resolver\\CreatPickUpStore does not exist at /var/www/html/dev/m240p1/vendor/webonyx/graphql-php/src/Error/Error.php:174, ReflectionException(code: -1): Class Ajay\\TestGQ\\Model\\Resolver\\CreatPickUpStore does not exist at /var/www/html/dev/m240p1/vendor/magento/framework/Code/Reader/ClassReader.php:26)"} []
[2022-02-14 14:07:00] main.ERROR: Class Ajay\TestGQ\Model\Resolver\CreatPickUpStore does not exist {"exception":"[object] (GraphQL\\Error\\Error(code: 0): Class Ajay\\TestGQ\\Model\\Resolver\\CreatPickUpStore does not exist at /var/www/html/dev/m240p1/vendor/webonyx/graphql-php/src/Error/Error.php:174, ReflectionException(code: -1): Class Ajay\\TestGQ\\Model\\Resolver\\CreatPickUpStore does not exist at /var/www/html/dev/m240p1/vendor/magento/framework/Code/Reader/ClassReader.php:26)"} []
[2022-02-14 14:07:00] main.ERROR: Class Ajay\TestGQ\Model\Resolver\CreatPickUpStore does not exist {"exception":"[object] (GraphQL\\Error\\Error(code: 0): Class Ajay\\TestGQ\\Model\\Resolver\\CreatPickUpStore does not exist at /var/www/html/dev/m240p1/vendor/webonyx/graphql-php/src/Error/Error.php:174, ReflectionException(code: -1): Class Ajay\\TestGQ\\Model\\Resolver\\CreatPickUpStore does not exist at /var/www/html/dev/m240p1/vendor/magento/framework/Code/Reader/ClassReader.php:26)"} []
[2022-02-14 14:07:00] main.ERROR: Syntax Error: Unexpected <EOF> {"exception":"[object] (GraphQL\\Error\\SyntaxError(code: 0): Syntax Error: Unexpected <EOF> at /var/www/html/dev/m240p1/vendor/webonyx/graphql-php/src/Language/Parser.php:296)"} []
[2022-02-14 14:07:01] main.ERROR: Class Ajay\TestGQ\Model\Resolver\CreatPickUpStore does not exist {"exception":"[object] (GraphQL\\Error\\Error(code: 0): Class Ajay\\TestGQ\\Model\\Resolver\\CreatPickUpStore does not exist at /var/www/html/dev/m240p1/vendor/webonyx/graphql-php/src/Error/Error.php:174, ReflectionException(code: -1): Class Ajay\\TestGQ\\Model\\Resolver\\CreatPickUpStore does not exist at /var/www/html/dev/m240p1/vendor/magento/framework/Code/Reader/ClassReader.php:26)"} []
[2022-02-14 14:09:57] main.DEBUG: cache_invalidate:  {"method":"GET","url":"http:/","invalidateInfo":{"tags":["CONFIG"],"mode":"matchingTag"}} []
[2022-02-14 14:09:57] main.DEBUG: cache_invalidate:  {"method":"GET","url":"http:/","invalidateInfo":{"tags":["LAYOUT_GENERAL_CACHE_TAG"],"mode":"matchingTag"}} []
[2022-02-14 14:09:57] main.DEBUG: cache_invalidate:  {"method":"GET","url":"http:/","invalidateInfo":{"tags":["BLOCK_HTML"],"mode":"matchingTag"}} []
[2022-02-14 14:09:57] main.DEBUG: cache_invalidate:  {"method":"GET","url":"http:/","invalidateInfo":{"tags":["COLLECTION_DATA"],"mode":"matchingTag"}} []
[2022-02-14 14:09:57] main.DEBUG: cache_invalidate:  {"method":"GET","url":"http:/","invalidateInfo":{"tags":["REFLECTION"],"mode":"matchingTag"}} []
[2022-02-14 14:09:57] main.DEBUG: cache_invalidate:  {"method":"GET","url":"http:/","invalidateInfo":{"tags":["DB_DDL"],"mode":"matchingTag"}} []
[2022-02-14 14:09:57] main.DEBUG: cache_invalidate:  {"method":"GET","url":"http:/","invalidateInfo":{"tags":["COMPILED_CONFIG"],"mode":"matchingTag"}} []
[2022-02-14 14:09:57] main.DEBUG: cache_invalidate:  {"method":"GET","url":"http:/","invalidateInfo":{"tags":["EAV"],"mode":"matchingTag"}} []
[2022-02-14 14:09:57] main.DEBUG: cache_invalidate:  {"method":"GET","url":"http:/","invalidateInfo":{"tags":["CUSTOMER_NOTIFICATION"],"mode":"matchingTag"}} []
[2022-02-14 14:09:57] main.DEBUG: cache_invalidate:  {"method":"GET","url":"http:/","invalidateInfo":{"tags":["INTEGRATION"],"mode":"matchingTag"}} []
[2022-02-14 14:09:57] main.DEBUG: cache_invalidate:  {"method":"GET","url":"http:/","invalidateInfo":{"tags":["INTEGRATION_API_CONFIG"],"mode":"matchingTag"}} []
[2022-02-14 14:09:58] main.DEBUG: cache_invalidate:  {"method":"GET","url":"http:/","invalidateInfo":{"tags":["FPC"],"mode":"matchingTag"}} []
[2022-02-14 14:09:58] main.DEBUG: cache_invalidate:  {"method":"GET","url":"http:/","invalidateInfo":{"tags":["WEBSERVICE"],"mode":"matchingTag"}} []
[2022-02-14 14:09:58] main.DEBUG: cache_invalidate:  {"method":"GET","url":"http:/","invalidateInfo":{"tags":["TRANSLATE"],"mode":"matchingTag"}} []
[2022-02-14 14:09:58] main.DEBUG: cache_invalidate:  {"method":"GET","url":"http:/","invalidateInfo":{"tags":["VERTEX"],"mode":"matchingTag"}} []
[2022-02-14 14:10:05] main.DEBUG: cache_invalidate:  {"method":"GET","url":"http:/","invalidateInfo":{"tags":["CONFIG"],"mode":"matchingTag"}} []
[2022-02-14 14:10:06] main.DEBUG: cache_invalidate:  {"method":"GET","url":"http:/","invalidateInfo":{"identifier":"DB_PDO_MYSQL_DDL_design_config_grid_flat_1"}} []
[2022-02-14 14:10:06] main.DEBUG: cache_invalidate:  {"method":"GET","url":"http:/","invalidateInfo":{"identifier":"DB_PDO_MYSQL_DDL_design_config_grid_flat_2"}} []
[2022-02-14 14:10:06] main.DEBUG: cache_invalidate:  {"method":"GET","url":"http:/","invalidateInfo":{"identifier":"DB_PDO_MYSQL_DDL_design_config_grid_flat_3"}} []
[2022-02-14 14:10:06] main.DEBUG: cache_invalidate:  {"method":"GET","url":"http:/","invalidateInfo":{"identifier":"DB_PDO_MYSQL_DDL_design_config_grid_flat_4"}} []
[2022-02-14 14:10:07] main.DEBUG: cache_invalidate:  {"method":"GET","url":"http:/","invalidateInfo":{"identifier":"DB_PDO_MYSQL_DDL_design_config_grid_flat_1"}} []
[2022-02-14 14:10:07] main.DEBUG: cache_invalidate:  {"method":"GET","url":"http:/","invalidateInfo":{"identifier":"DB_PDO_MYSQL_DDL_design_config_grid_flat_2"}} []
[2022-02-14 14:10:07] main.DEBUG: cache_invalidate:  {"method":"GET","url":"http:/","invalidateInfo":{"identifier":"DB_PDO_MYSQL_DDL_design_config_grid_flat_3"}} []
[2022-02-14 14:10:07] main.DEBUG: cache_invalidate:  {"method":"GET","url":"http:/","invalidateInfo":{"identifier":"DB_PDO_MYSQL_DDL_design_config_grid_flat_4"}} []
[2022-02-14 14:10:12] main.DEBUG: cache_invalidate:  {"method":"GET","url":"http:/","invalidateInfo":{"tags":["LAYOUT_GENERAL_CACHE_TAG"],"mode":"matchingTag"}} []
[2022-02-14 14:10:12] main.DEBUG: cache_invalidate:  {"method":"GET","url":"http:/","invalidateInfo":{"tags":["BLOCK_HTML"],"mode":"matchingTag"}} []
[2022-02-14 14:10:12] main.DEBUG: cache_invalidate:  {"method":"GET","url":"http:/","invalidateInfo":{"tags":["FPC"],"mode":"matchingTag"}} []
[2022-02-14 14:10:17] main.DEBUG: cache_invalidate:  {"method":"GET","url":"http:/","invalidateInfo":{"tags":[],"mode":"all"}} []
[2022-02-14 14:10:17] main.DEBUG: cache_invalidate:  {"method":"GET","url":"http:/","invalidateInfo":{"tags":[],"mode":"all"}} []
[2022-02-14 14:10:26] main.DEBUG: Source class "\Ajay\TestGQ\Api\Data\StoreInterface" for "Ajay\TestGQ\Api\Data\StoreInterfaceFactory" generation does not exist. {"exception":"[object] (RuntimeException(code: 0): Source class \"\\LarsRoettig\\GraphQLStorePickup\\Api\\Data\\StoreInterface\" for \"LarsRoettig\\GraphQLStorePickup\\Api\\Data\\StoreInterfaceFactory\" generation does not exist. at /var/www/html/dev/m240p1/vendor/magento/framework/Code/Generator.php:222)"} []
[2022-02-14 14:10:37] main.CRITICAL: Class Ajay\TestGQ\Model\CreatePickUpStore does not exist
Class Ajay\TestGQ\Model\Resolver\CreatPickUpStore\Interceptor generation error: The requested class did not generate properly, because the 'generated' directory permission is read-only. If --- after running the 'bin/magento setup:di:compile' CLI command when the 'generated' directory permission is set to write --- the requested class did not generate properly, then you must add the generated class object to the signature of the related construct method, only. [] []
[2022-02-14 14:10:37] main.ERROR: Class Ajay\TestGQ\Model\CreatePickUpStore does not exist
Class Ajay\TestGQ\Model\Resolver\CreatPickUpStore\Interceptor generation error: The requested class did not generate properly, because the 'generated' directory permission is read-only. If --- after running the 'bin/magento setup:di:compile' CLI command when the 'generated' directory permission is set to write --- the requested class did not generate properly, then you must add the generated class object to the signature of the related construct method, only.
#0 /var/www/html/dev/m240p1/setup/src/Magento/Setup/Module/Di/Code/Generator.php(69): Magento\Framework\Code\Generator->generateClass('Ajay\\TestGQ\\Mod...')
#1 /var/www/html/dev/m240p1/setup/src/Magento/Setup/Module/Di/App/Task/Operation/Interception.php(100): Magento\Setup\Module\Di\Code\Generator->generateList(Array)
#2 /var/www/html/dev/m240p1/setup/src/Magento/Setup/Module/Di/App/Task/Manager.php(56): Magento\Setup\Module\Di\App\Task\Operation\Interception->doOperation()
#3 /var/www/html/dev/m240p1/setup/src/Magento/Setup/Console/Command/DiCompileCommand.php(206): Magento\Setup\Module\Di\App\Task\Manager->process(Object(Closure), Object(Closure))
#4 /var/www/html/dev/m240p1/vendor/symfony/console/Command/Command.php(255): Magento\Setup\Console\Command\DiCompileCommand->execute(Object(Symfony\Component\Console\Input\ArgvInput), Object(Symfony\Component\Console\Output\ConsoleOutput))
#5 /var/www/html/dev/m240p1/vendor/symfony/console/Application.php(1000): Symfony\Component\Console\Command\Command->run(Object(Symfony\Component\Console\Input\ArgvInput), Object(Symfony\Component\Console\Output\ConsoleOutput))
#6 /var/www/html/dev/m240p1/vendor/symfony/console/Application.php(271): Symfony\Component\Console\Application->doRunCommand(Object(Magento\Setup\Console\Command\DiCompileCommand), Object(Symfony\Component\Console\Input\ArgvInput), Object(Symfony\Component\Console\Output\ConsoleOutput))
#7 /var/www/html/dev/m240p1/vendor/magento/framework/Console/Cli.php(115): Symfony\Component\Console\Application->doRun(Object(Symfony\Component\Console\Input\ArgvInput), Object(Symfony\Component\Console\Output\ConsoleOutput))
#8 /var/www/html/dev/m240p1/vendor/symfony/console/Application.php(147): Magento\Framework\Console\Cli->doRun(Object(Symfony\Component\Console\Input\ArgvInput), Object(Symfony\Component\Console\Output\ConsoleOutput))
#9 /var/www/html/dev/m240p1/bin/magento(23): Symfony\Component\Console\Application->run()
#10 {main} [] []
[2022-02-14 14:11:23] main.DEBUG: The stream or file "/var/www/html/dev/m240p1//var/log/system.log" could not be opened in append mode: failed to open stream: Permission denied {"exception":"[object] (UnexpectedValueException(code: 0): The stream or file \"/var/www/html/dev/m240p1//var/log/system.log\" could not be opened in append mode: failed to open stream: Permission denied at /var/www/html/dev/m240p1/vendor/monolog/monolog/src/Monolog/Handler/StreamHandler.php:110)"} []
[2022-02-14 14:11:49] main.DEBUG: cache_invalidate:  {"method":"GET","url":"http:/","invalidateInfo":{"tags":["CONFIG"],"mode":"matchingTag"}} []
[2022-02-14 14:11:49] main.DEBUG: cache_invalidate:  {"method":"GET","url":"http:/","invalidateInfo":{"tags":["LAYOUT_GENERAL_CACHE_TAG"],"mode":"matchingTag"}} []
[2022-02-14 14:11:49] main.DEBUG: cache_invalidate:  {"method":"GET","url":"http:/","invalidateInfo":{"tags":["BLOCK_HTML"],"mode":"matchingTag"}} []
[2022-02-14 14:11:49] main.DEBUG: cache_invalidate:  {"method":"GET","url":"http:/","invalidateInfo":{"tags":["COLLECTION_DATA"],"mode":"matchingTag"}} []
[2022-02-14 14:11:49] main.DEBUG: cache_invalidate:  {"method":"GET","url":"http:/","invalidateInfo":{"tags":["REFLECTION"],"mode":"matchingTag"}} []
[2022-02-14 14:11:49] main.DEBUG: cache_invalidate:  {"method":"GET","url":"http:/","invalidateInfo":{"tags":["DB_DDL"],"mode":"matchingTag"}} []
[2022-02-14 14:11:49] main.DEBUG: cache_invalidate:  {"method":"GET","url":"http:/","invalidateInfo":{"tags":["COMPILED_CONFIG"],"mode":"matchingTag"}} []
[2022-02-14 14:11:49] main.DEBUG: cache_invalidate:  {"method":"GET","url":"http:/","invalidateInfo":{"tags":["EAV"],"mode":"matchingTag"}} []
[2022-02-14 14:11:49] main.DEBUG: cache_invalidate:  {"method":"GET","url":"http:/","invalidateInfo":{"tags":["CUSTOMER_NOTIFICATION"],"mode":"matchingTag"}} []
[2022-02-14 14:11:49] main.DEBUG: cache_invalidate:  {"method":"GET","url":"http:/","invalidateInfo":{"tags":["INTEGRATION"],"mode":"matchingTag"}} []
[2022-02-14 14:11:49] main.DEBUG: cache_invalidate:  {"method":"GET","url":"http:/","invalidateInfo":{"tags":["INTEGRATION_API_CONFIG"],"mode":"matchingTag"}} []
[2022-02-14 14:11:49] main.DEBUG: cache_invalidate:  {"method":"GET","url":"http:/","invalidateInfo":{"tags":["FPC"],"mode":"matchingTag"}} []
[2022-02-14 14:11:49] main.DEBUG: cache_invalidate:  {"method":"GET","url":"http:/","invalidateInfo":{"tags":["WEBSERVICE"],"mode":"matchingTag"}} []
[2022-02-14 14:11:49] main.DEBUG: cache_invalidate:  {"method":"GET","url":"http:/","invalidateInfo":{"tags":["TRANSLATE"],"mode":"matchingTag"}} []
[2022-02-14 14:11:49] main.DEBUG: cache_invalidate:  {"method":"GET","url":"http:/","invalidateInfo":{"tags":["VERTEX"],"mode":"matchingTag"}} []
[2022-02-14 14:11:53] main.DEBUG: cache_invalidate:  {"method":"GET","url":"http:/","invalidateInfo":{"tags":["CONFIG"],"mode":"matchingTag"}} []
[2022-02-14 14:11:54] main.DEBUG: cache_invalidate:  {"method":"GET","url":"http:/","invalidateInfo":{"identifier":"DB_PDO_MYSQL_DDL_design_config_grid_flat_1"}} []
[2022-02-14 14:11:54] main.DEBUG: cache_invalidate:  {"method":"GET","url":"http:/","invalidateInfo":{"identifier":"DB_PDO_MYSQL_DDL_design_config_grid_flat_2"}} []
[2022-02-14 14:11:54] main.DEBUG: cache_invalidate:  {"method":"GET","url":"http:/","invalidateInfo":{"identifier":"DB_PDO_MYSQL_DDL_design_config_grid_flat_3"}} []
[2022-02-14 14:11:54] main.DEBUG: cache_invalidate:  {"method":"GET","url":"http:/","invalidateInfo":{"identifier":"DB_PDO_MYSQL_DDL_design_config_grid_flat_4"}} []
[2022-02-14 14:11:54] main.DEBUG: cache_invalidate:  {"method":"GET","url":"http:/","invalidateInfo":{"identifier":"DB_PDO_MYSQL_DDL_design_config_grid_flat_1"}} []
[2022-02-14 14:11:54] main.DEBUG: cache_invalidate:  {"method":"GET","url":"http:/","invalidateInfo":{"identifier":"DB_PDO_MYSQL_DDL_design_config_grid_flat_2"}} []
[2022-02-14 14:11:54] main.DEBUG: cache_invalidate:  {"method":"GET","url":"http:/","invalidateInfo":{"identifier":"DB_PDO_MYSQL_DDL_design_config_grid_flat_3"}} []
[2022-02-14 14:11:54] main.DEBUG: cache_invalidate:  {"method":"GET","url":"http:/","invalidateInfo":{"identifier":"DB_PDO_MYSQL_DDL_design_config_grid_flat_4"}} []
[2022-02-14 14:11:59] main.DEBUG: cache_invalidate:  {"method":"GET","url":"http:/","invalidateInfo":{"tags":["LAYOUT_GENERAL_CACHE_TAG"],"mode":"matchingTag"}} []
[2022-02-14 14:11:59] main.DEBUG: cache_invalidate:  {"method":"GET","url":"http:/","invalidateInfo":{"tags":["BLOCK_HTML"],"mode":"matchingTag"}} []
[2022-02-14 14:11:59] main.DEBUG: cache_invalidate:  {"method":"GET","url":"http:/","invalidateInfo":{"tags":["FPC"],"mode":"matchingTag"}} []
[2022-02-14 14:12:05] main.DEBUG: cache_invalidate:  {"method":"GET","url":"http:/","invalidateInfo":{"tags":[],"mode":"all"}} []
[2022-02-14 14:12:05] main.DEBUG: cache_invalidate:  {"method":"GET","url":"http:/","invalidateInfo":{"tags":[],"mode":"all"}} []
[2022-02-14 14:12:43] main.DEBUG: cache_invalidate:  {"method":"GET","url":"http:/","invalidateInfo":{"tags":["FPC"],"mode":"matchingTag"}} []
[2022-02-14 14:12:45] main.DEBUG: cache_invalidate:  {"method":"GET","url":"http:/","invalidateInfo":{"tags":["FPC"],"mode":"matchingTag"}} []
[2022-02-14 14:12:45] main.DEBUG: cache_invalidate:  {"method":"GET","url":"http:/","invalidateInfo":{"tags":["CONFIG"],"mode":"matchingTag"}} []
[2022-02-14 14:12:45] main.DEBUG: cache_invalidate:  {"method":"GET","url":"http:/","invalidateInfo":{"tags":["LAYOUT_GENERAL_CACHE_TAG"],"mode":"matchingTag"}} []
[2022-02-14 14:12:45] main.DEBUG: cache_invalidate:  {"method":"GET","url":"http:/","invalidateInfo":{"tags":["BLOCK_HTML"],"mode":"matchingTag"}} []
[2022-02-14 14:12:45] main.DEBUG: cache_invalidate:  {"method":"GET","url":"http:/","invalidateInfo":{"tags":["COLLECTION_DATA"],"mode":"matchingTag"}} []
[2022-02-14 14:12:45] main.DEBUG: cache_invalidate:  {"method":"GET","url":"http:/","invalidateInfo":{"tags":["REFLECTION"],"mode":"matchingTag"}} []
[2022-02-14 14:12:45] main.DEBUG: cache_invalidate:  {"method":"GET","url":"http:/","invalidateInfo":{"tags":["DB_DDL"],"mode":"matchingTag"}} []
[2022-02-14 14:12:45] main.DEBUG: cache_invalidate:  {"method":"GET","url":"http:/","invalidateInfo":{"tags":["COMPILED_CONFIG"],"mode":"matchingTag"}} []
[2022-02-14 14:12:45] main.DEBUG: cache_invalidate:  {"method":"GET","url":"http:/","invalidateInfo":{"tags":["EAV"],"mode":"matchingTag"}} []
[2022-02-14 14:12:45] main.DEBUG: cache_invalidate:  {"method":"GET","url":"http:/","invalidateInfo":{"tags":["CUSTOMER_NOTIFICATION"],"mode":"matchingTag"}} []
[2022-02-14 14:12:45] main.DEBUG: cache_invalidate:  {"method":"GET","url":"http:/","invalidateInfo":{"tags":["INTEGRATION"],"mode":"matchingTag"}} []
[2022-02-14 14:12:45] main.DEBUG: cache_invalidate:  {"method":"GET","url":"http:/","invalidateInfo":{"tags":["INTEGRATION_API_CONFIG"],"mode":"matchingTag"}} []
[2022-02-14 14:12:45] main.DEBUG: cache_invalidate:  {"method":"GET","url":"http:/","invalidateInfo":{"tags":["FPC"],"mode":"matchingTag"}} []
[2022-02-14 14:12:45] main.DEBUG: cache_invalidate:  {"method":"GET","url":"http:/","invalidateInfo":{"tags":["WEBSERVICE"],"mode":"matchingTag"}} []
[2022-02-14 14:12:45] main.DEBUG: cache_invalidate:  {"method":"GET","url":"http:/","invalidateInfo":{"tags":["TRANSLATE"],"mode":"matchingTag"}} []
[2022-02-14 14:12:45] main.DEBUG: cache_invalidate:  {"method":"GET","url":"http:/","invalidateInfo":{"tags":["VERTEX"],"mode":"matchingTag"}} []
[2022-02-14 14:13:16] main.ERROR: Syntax Error: Unexpected <EOF> {"exception":"[object] (GraphQL\\Error\\SyntaxError(code: 0): Syntax Error: Unexpected <EOF> at /var/www/html/dev/m240p1/vendor/webonyx/graphql-php/src/Language/Parser.php:296)"} []
[2022-02-14 14:18:27] main.ERROR: "input" value should be specified {"exception":"[object] (GraphQL\\Error\\Error(code: 0): \"input\" value should be specified at /var/www/html/dev/m240p1/vendor/webonyx/graphql-php/src/Error/Error.php:174, Magento\\Framework\\GraphQl\\Exception\\GraphQlInputException(code: 0): \"input\" value should be specified at /var/www/html/dev/m240p1/app/code/Ajay/TestGQ/Model/Resolver/CreatPickUpStore.php:34)"} []
[2022-02-14 14:22:38] main.ERROR: "input" value should be specified {"exception":"[object] (GraphQL\\Error\\Error(code: 0): \"input\" value should be specified at /var/www/html/dev/m240p1/vendor/webonyx/graphql-php/src/Error/Error.php:174, Magento\\Framework\\GraphQl\\Exception\\GraphQlInputException(code: 0): \"input\" value should be specified at /var/www/html/dev/m240p1/app/code/Ajay/TestGQ/Model/Resolver/CreatPickUpStore.php:34)"} []
[2022-02-14 14:22:52] main.ERROR: "input" value should be specified {"exception":"[object] (GraphQL\\Error\\Error(code: 0): \"input\" value should be specified at /var/www/html/dev/m240p1/vendor/webonyx/graphql-php/src/Error/Error.php:174, Magento\\Framework\\GraphQl\\Exception\\GraphQlInputException(code: 0): \"input\" value should be specified at /var/www/html/dev/m240p1/app/code/Ajay/TestGQ/Model/Resolver/CreatPickUpStore.php:34)"} []
[2022-02-14 14:24:41] main.ERROR: Field "createPickUpStores" argument "input" requires type Float, found "12". {"exception":"[object] (GraphQL\\Error\\Error(code: 0): Field \"createPickUpStores\" argument \"input\" requires type Float, found \"12\". at /var/www/html/dev/m240p1/vendor/webonyx/graphql-php/src/Validator/Rules/ValuesOfCorrectType.php:215)"} []
[2022-02-14 14:24:41] main.ERROR: Field "createPickUpStores" argument "input" requires type Float, found "10". {"exception":"[object] (GraphQL\\Error\\Error(code: 0): Field \"createPickUpStores\" argument \"input\" requires type Float, found \"10\". at /var/www/html/dev/m240p1/vendor/webonyx/graphql-php/src/Validator/Rules/ValuesOfCorrectType.php:215)"} []
[2022-02-14 14:24:41] main.ERROR: Field "createPickUpStores" argument "input" requires type Int, found "1212". {"exception":"[object] (GraphQL\\Error\\Error(code: 0): Field \"createPickUpStores\" argument \"input\" requires type Int, found \"1212\". at /var/www/html/dev/m240p1/vendor/webonyx/graphql-php/src/Validator/Rules/ValuesOfCorrectType.php:215)"} []
[2022-02-14 14:37:08] main.ERROR: Syntax Error: Unexpected <EOF> {"exception":"[object] (GraphQL\\Error\\SyntaxError(code: 0): Syntax Error: Unexpected <EOF> at /var/www/html/dev/m240p1/vendor/webonyx/graphql-php/src/Language/Parser.php:296)"} []
[2022-02-14 14:37:22] main.ERROR: Syntax Error: Unexpected <EOF> {"exception":"[object] (GraphQL\\Error\\SyntaxError(code: 0): Syntax Error: Unexpected <EOF> at /var/www/html/dev/m240p1/vendor/webonyx/graphql-php/src/Language/Parser.php:296)"} []
[2022-02-14 14:38:32] main.ERROR: Cannot query field "getCountNumberDays" on type "Query". {"exception":"[object] (GraphQL\\Error\\Error(code: 0): Cannot query field \"getCountNumberDays\" on type \"Query\". at /var/www/html/dev/m240p1/vendor/webonyx/graphql-php/src/Validator/Rules/FieldsOnCorrectType.php:56)"} []
[2022-02-14 14:38:42] main.ERROR: Syntax Error: Unexpected <EOF> {"exception":"[object] (GraphQL\\Error\\SyntaxError(code: 0): Syntax Error: Unexpected <EOF> at /var/www/html/dev/m240p1/vendor/webonyx/graphql-php/src/Language/Parser.php:296)"} []
[2022-02-14 14:39:00] main.ERROR: Cannot query field "getCountNumberDays" on type "Query". {"exception":"[object] (GraphQL\\Error\\Error(code: 0): Cannot query field \"getCountNumberDays\" on type \"Query\". at /var/www/html/dev/m240p1/vendor/webonyx/graphql-php/src/Validator/Rules/FieldsOnCorrectType.php:56)"} []
[2022-02-14 14:39:13] main.ERROR: Cannot query field "getCountNumberDays" on type "Query". {"exception":"[object] (GraphQL\\Error\\Error(code: 0): Cannot query field \"getCountNumberDays\" on type \"Query\". at /var/www/html/dev/m240p1/vendor/webonyx/graphql-php/src/Validator/Rules/FieldsOnCorrectType.php:56)"} []
[2022-02-14 14:39:15] main.ERROR: Cannot query field "getCountNumberDays" on type "Query". {"exception":"[object] (GraphQL\\Error\\Error(code: 0): Cannot query field \"getCountNumberDays\" on type \"Query\". at /var/www/html/dev/m240p1/vendor/webonyx/graphql-php/src/Validator/Rules/FieldsOnCorrectType.php:56)"} []
[2022-02-14 14:39:30] main.ERROR: Cannot query field "getCountNumberDays" on type "Query". {"exception":"[object] (GraphQL\\Error\\Error(code: 0): Cannot query field \"getCountNumberDays\" on type \"Query\". at /var/www/html/dev/m240p1/vendor/webonyx/graphql-php/src/Validator/Rules/FieldsOnCorrectType.php:56)"} []
[2022-02-14 14:40:06] main.ERROR: Syntax Error: Unexpected <EOF> {"exception":"[object] (GraphQL\\Error\\SyntaxError(code: 0): Syntax Error: Unexpected <EOF> at /var/www/html/dev/m240p1/vendor/webonyx/graphql-php/src/Language/Parser.php:296)"} []
[2022-02-14 14:40:23] main.ERROR: Syntax Error: Unexpected <EOF> {"exception":"[object] (GraphQL\\Error\\SyntaxError(code: 0): Syntax Error: Unexpected <EOF> at /var/www/html/dev/m240p1/vendor/webonyx/graphql-php/src/Language/Parser.php:296)"} []
[2022-02-14 14:40:33] main.ERROR: Cannot query field "CustomGraphql" on type "Query". {"exception":"[object] (GraphQL\\Error\\Error(code: 0): Cannot query field \"CustomGraphql\" on type \"Query\". at /var/www/html/dev/m240p1/vendor/webonyx/graphql-php/src/Validator/Rules/FieldsOnCorrectType.php:56)"} []
[2022-02-14 14:40:57] main.ERROR: Cannot query field "createPickUpStores" on type "Query". {"exception":"[object] (GraphQL\\Error\\Error(code: 0): Cannot query field \"createPickUpStores\" on type \"Query\". at /var/www/html/dev/m240p1/vendor/webonyx/graphql-php/src/Validator/Rules/FieldsOnCorrectType.php:56)"} []
[2022-02-14 14:40:58] main.ERROR: Cannot query field "createPickUpStores" on type "Query". {"exception":"[object] (GraphQL\\Error\\Error(code: 0): Cannot query field \"createPickUpStores\" on type \"Query\". at /var/www/html/dev/m240p1/vendor/webonyx/graphql-php/src/Validator/Rules/FieldsOnCorrectType.php:56)"} []
[2022-02-14 14:41:35] main.ERROR: Cannot query field "CustomGraphql" on type "Query". {"exception":"[object] (GraphQL\\Error\\Error(code: 0): Cannot query field \"CustomGraphql\" on type \"Query\". at /var/www/html/dev/m240p1/vendor/webonyx/graphql-php/src/Validator/Rules/FieldsOnCorrectType.php:56)"} []
[2022-02-14 14:41:44] main.ERROR: Cannot query field "getCountNumberDays" on type "Query". {"exception":"[object] (GraphQL\\Error\\Error(code: 0): Cannot query field \"getCountNumberDays\" on type \"Query\". at /var/www/html/dev/m240p1/vendor/webonyx/graphql-php/src/Validator/Rules/FieldsOnCorrectType.php:56)"} []
[2022-02-14 14:43:28] main.ERROR: Cannot query field "getCountNumberDays" on type "Query". {"exception":"[object] (GraphQL\\Error\\Error(code: 0): Cannot query field \"getCountNumberDays\" on type \"Query\". at /var/www/html/dev/m240p1/vendor/webonyx/graphql-php/src/Validator/Rules/FieldsOnCorrectType.php:56)"} []
[2022-02-14 14:43:35] main.ERROR: Cannot query field "getCountNumberDays" on type "Query". {"exception":"[object] (GraphQL\\Error\\Error(code: 0): Cannot query field \"getCountNumberDays\" on type \"Query\". at /var/www/html/dev/m240p1/vendor/webonyx/graphql-php/src/Validator/Rules/FieldsOnCorrectType.php:56)"} []
[2022-02-14 14:44:05] main.ERROR: Cannot query field "getCountNumberDays" on type "Query". {"exception":"[object] (GraphQL\\Error\\Error(code: 0): Cannot query field \"getCountNumberDays\" on type \"Query\". at /var/www/html/dev/m240p1/vendor/webonyx/graphql-php/src/Validator/Rules/FieldsOnCorrectType.php:56)"} []
[2022-02-14 14:46:28] main.ERROR: Cannot query field "getCountNumberDays" on type "Query". {"exception":"[object] (GraphQL\\Error\\Error(code: 0): Cannot query field \"getCountNumberDays\" on type \"Query\". at /var/www/html/dev/m240p1/vendor/webonyx/graphql-php/src/Validator/Rules/FieldsOnCorrectType.php:56)"} []
[2022-02-14 14:46:30] main.ERROR: Cannot query field "getCountNumberDays" on type "Query". {"exception":"[object] (GraphQL\\Error\\Error(code: 0): Cannot query field \"getCountNumberDays\" on type \"Query\". at /var/www/html/dev/m240p1/vendor/webonyx/graphql-php/src/Validator/Rules/FieldsOnCorrectType.php:56)"} []
[2022-02-14 14:47:04] main.ERROR: Cannot query field "getCountNumberDays" on type "Query". {"exception":"[object] (GraphQL\\Error\\Error(code: 0): Cannot query field \"getCountNumberDays\" on type \"Query\". at /var/www/html/dev/m240p1/vendor/webonyx/graphql-php/src/Validator/Rules/FieldsOnCorrectType.php:56)"} []
[2022-02-14 14:47:05] main.ERROR: Cannot query field "getCountNumberDays" on type "Query". {"exception":"[object] (GraphQL\\Error\\Error(code: 0): Cannot query field \"getCountNumberDays\" on type \"Query\". at /var/www/html/dev/m240p1/vendor/webonyx/graphql-php/src/Validator/Rules/FieldsOnCorrectType.php:56)"} []
[2022-02-14 14:47:19] main.ERROR: Cannot query field "getCountNumberDays" on type "Query". {"exception":"[object] (GraphQL\\Error\\Error(code: 0): Cannot query field \"getCountNumberDays\" on type \"Query\". at /var/www/html/dev/m240p1/vendor/webonyx/graphql-php/src/Validator/Rules/FieldsOnCorrectType.php:56)"} []
[2022-02-14 14:48:04] main.ERROR: Cannot query field "getCountNumberDays" on type "Query". {"exception":"[object] (GraphQL\\Error\\Error(code: 0): Cannot query field \"getCountNumberDays\" on type \"Query\". at /var/www/html/dev/m240p1/vendor/webonyx/graphql-php/src/Validator/Rules/FieldsOnCorrectType.php:56)"} []
[2022-02-14 14:48:06] main.ERROR: Cannot query field "getCountNumberDays" on type "Query". {"exception":"[object] (GraphQL\\Error\\Error(code: 0): Cannot query field \"getCountNumberDays\" on type \"Query\". at /var/www/html/dev/m240p1/vendor/webonyx/graphql-php/src/Validator/Rules/FieldsOnCorrectType.php:56)"} []
[2022-02-14 14:48:27] main.ERROR: Cannot query field "getCountNumberDays" on type "Query". {"exception":"[object] (GraphQL\\Error\\Error(code: 0): Cannot query field \"getCountNumberDays\" on type \"Query\". at /var/www/html/dev/m240p1/vendor/webonyx/graphql-php/src/Validator/Rules/FieldsOnCorrectType.php:56)"} []
[2022-02-14 14:48:37] main.ERROR: Cannot query field "CustomGraphql" on type "Query". {"exception":"[object] (GraphQL\\Error\\Error(code: 0): Cannot query field \"CustomGraphql\" on type \"Query\". at /var/www/html/dev/m240p1/vendor/webonyx/graphql-php/src/Validator/Rules/FieldsOnCorrectType.php:56)"} []
[2022-02-14 14:48:57] main.ERROR: Cannot query field "getCountNumberDays" on type "Query". {"exception":"[object] (GraphQL\\Error\\Error(code: 0): Cannot query field \"getCountNumberDays\" on type \"Query\". at /var/www/html/dev/m240p1/vendor/webonyx/graphql-php/src/Validator/Rules/FieldsOnCorrectType.php:56)"} []
[2022-02-14 14:48:58] main.ERROR: Cannot query field "getCountNumberDays" on type "Query". {"exception":"[object] (GraphQL\\Error\\Error(code: 0): Cannot query field \"getCountNumberDays\" on type \"Query\". at /var/www/html/dev/m240p1/vendor/webonyx/graphql-php/src/Validator/Rules/FieldsOnCorrectType.php:56)"} []
[2022-02-14 14:49:00] main.ERROR: Cannot query field "getCountNumberDays" on type "Query". {"exception":"[object] (GraphQL\\Error\\Error(code: 0): Cannot query field \"getCountNumberDays\" on type \"Query\". at /var/www/html/dev/m240p1/vendor/webonyx/graphql-php/src/Validator/Rules/FieldsOnCorrectType.php:56)"} []
[2022-02-14 14:49:01] main.ERROR: Cannot query field "getCountNumberDays" on type "Query". {"exception":"[object] (GraphQL\\Error\\Error(code: 0): Cannot query field \"getCountNumberDays\" on type \"Query\". at /var/www/html/dev/m240p1/vendor/webonyx/graphql-php/src/Validator/Rules/FieldsOnCorrectType.php:56)"} []
[2022-02-14 14:49:08] main.ERROR: Cannot query field "getCountNumberDays" on type "Query". {"exception":"[object] (GraphQL\\Error\\Error(code: 0): Cannot query field \"getCountNumberDays\" on type \"Query\". at /var/www/html/dev/m240p1/vendor/webonyx/graphql-php/src/Validator/Rules/FieldsOnCorrectType.php:56)"} []
[2022-02-14 14:49:09] main.ERROR: Cannot query field "getCountNumberDays" on type "Query". {"exception":"[object] (GraphQL\\Error\\Error(code: 0): Cannot query field \"getCountNumberDays\" on type \"Query\". at /var/www/html/dev/m240p1/vendor/webonyx/graphql-php/src/Validator/Rules/FieldsOnCorrectType.php:56)"} []
[2022-02-15 03:23:40] main.ERROR: Cannot query field "getCountNumberDays" on type "Query". {"exception":"[object] (GraphQL\\Error\\Error(code: 0): Cannot query field \"getCountNumberDays\" on type \"Query\". at /var/www/html/dev/m240p1/vendor/webonyx/graphql-php/src/Validator/Rules/FieldsOnCorrectType.php:56)"} []
[2022-02-15 03:57:38] main.ERROR: Cannot query field "getCountNumberDays" on type "Query". {"exception":"[object] (GraphQL\\Error\\Error(code: 0): Cannot query field \"getCountNumberDays\" on type \"Query\". at /var/www/html/dev/m240p1/vendor/webonyx/graphql-php/src/Validator/Rules/FieldsOnCorrectType.php:56)"} []
[2022-02-15 03:57:52] main.ERROR: Cannot query field "CustomGraphql" on type "Query". {"exception":"[object] (GraphQL\\Error\\Error(code: 0): Cannot query field \"CustomGraphql\" on type \"Query\". at /var/www/html/dev/m240p1/vendor/webonyx/graphql-php/src/Validator/Rules/FieldsOnCorrectType.php:56)"} []
[2022-02-15 03:57:59] main.ERROR: Cannot query field "CustomGraphql" on type "Query". {"exception":"[object] (GraphQL\\Error\\Error(code: 0): Cannot query field \"CustomGraphql\" on type \"Query\". at /var/www/html/dev/m240p1/vendor/webonyx/graphql-php/src/Validator/Rules/FieldsOnCorrectType.php:56)"} []
[2022-02-15 03:58:03] main.ERROR: Cannot query field "getCountNumberDays" on type "Query". {"exception":"[object] (GraphQL\\Error\\Error(code: 0): Cannot query field \"getCountNumberDays\" on type \"Query\". at /var/www/html/dev/m240p1/vendor/webonyx/graphql-php/src/Validator/Rules/FieldsOnCorrectType.php:56)"} []
[2022-02-15 04:11:59] main.DEBUG: cache_invalidate:  {"method":"GET","url":"http:/","invalidateInfo":{"tags":["CONFIG"],"mode":"matchingTag"}} []
[2022-02-15 04:11:59] main.DEBUG: cache_invalidate:  {"method":"GET","url":"http:/","invalidateInfo":{"tags":["LAYOUT_GENERAL_CACHE_TAG"],"mode":"matchingTag"}} []
[2022-02-15 04:11:59] main.DEBUG: cache_invalidate:  {"method":"GET","url":"http:/","invalidateInfo":{"tags":["BLOCK_HTML"],"mode":"matchingTag"}} []
[2022-02-15 04:11:59] main.DEBUG: cache_invalidate:  {"method":"GET","url":"http:/","invalidateInfo":{"tags":["COLLECTION_DATA"],"mode":"matchingTag"}} []
[2022-02-15 04:11:59] main.DEBUG: cache_invalidate:  {"method":"GET","url":"http:/","invalidateInfo":{"tags":["REFLECTION"],"mode":"matchingTag"}} []
[2022-02-15 04:11:59] main.DEBUG: cache_invalidate:  {"method":"GET","url":"http:/","invalidateInfo":{"tags":["DB_DDL"],"mode":"matchingTag"}} []
[2022-02-15 04:11:59] main.DEBUG: cache_invalidate:  {"method":"GET","url":"http:/","invalidateInfo":{"tags":["COMPILED_CONFIG"],"mode":"matchingTag"}} []
[2022-02-15 04:11:59] main.DEBUG: cache_invalidate:  {"method":"GET","url":"http:/","invalidateInfo":{"tags":["EAV"],"mode":"matchingTag"}} []
[2022-02-15 04:11:59] main.DEBUG: cache_invalidate:  {"method":"GET","url":"http:/","invalidateInfo":{"tags":["CUSTOMER_NOTIFICATION"],"mode":"matchingTag"}} []
[2022-02-15 04:11:59] main.DEBUG: cache_invalidate:  {"method":"GET","url":"http:/","invalidateInfo":{"tags":["INTEGRATION"],"mode":"matchingTag"}} []
[2022-02-15 04:11:59] main.DEBUG: cache_invalidate:  {"method":"GET","url":"http:/","invalidateInfo":{"tags":["INTEGRATION_API_CONFIG"],"mode":"matchingTag"}} []
[2022-02-15 04:12:01] main.DEBUG: cache_invalidate:  {"method":"GET","url":"http:/","invalidateInfo":{"tags":["FPC"],"mode":"matchingTag"}} []
[2022-02-15 04:12:01] main.DEBUG: cache_invalidate:  {"method":"GET","url":"http:/","invalidateInfo":{"tags":["WEBSERVICE"],"mode":"matchingTag"}} []
[2022-02-15 04:12:01] main.DEBUG: cache_invalidate:  {"method":"GET","url":"http:/","invalidateInfo":{"tags":["TRANSLATE"],"mode":"matchingTag"}} []
[2022-02-15 04:12:01] main.DEBUG: cache_invalidate:  {"method":"GET","url":"http:/","invalidateInfo":{"tags":["VERTEX"],"mode":"matchingTag"}} []
[2022-02-15 04:12:07] main.DEBUG: cache_invalidate:  {"method":"GET","url":"http:/","invalidateInfo":{"tags":["CONFIG"],"mode":"matchingTag"}} []
[2022-02-15 04:12:10] main.DEBUG: cache_invalidate:  {"method":"GET","url":"http:/","invalidateInfo":{"identifier":"DB_PDO_MYSQL_DDL_design_config_grid_flat_1"}} []
[2022-02-15 04:12:10] main.DEBUG: cache_invalidate:  {"method":"GET","url":"http:/","invalidateInfo":{"identifier":"DB_PDO_MYSQL_DDL_design_config_grid_flat_2"}} []
[2022-02-15 04:12:10] main.DEBUG: cache_invalidate:  {"method":"GET","url":"http:/","invalidateInfo":{"identifier":"DB_PDO_MYSQL_DDL_design_config_grid_flat_3"}} []
[2022-02-15 04:12:10] main.DEBUG: cache_invalidate:  {"method":"GET","url":"http:/","invalidateInfo":{"identifier":"DB_PDO_MYSQL_DDL_design_config_grid_flat_4"}} []
[2022-02-15 04:12:10] main.DEBUG: cache_invalidate:  {"method":"GET","url":"http:/","invalidateInfo":{"identifier":"DB_PDO_MYSQL_DDL_design_config_grid_flat_1"}} []
[2022-02-15 04:12:10] main.DEBUG: cache_invalidate:  {"method":"GET","url":"http:/","invalidateInfo":{"identifier":"DB_PDO_MYSQL_DDL_design_config_grid_flat_2"}} []
[2022-02-15 04:12:10] main.DEBUG: cache_invalidate:  {"method":"GET","url":"http:/","invalidateInfo":{"identifier":"DB_PDO_MYSQL_DDL_design_config_grid_flat_3"}} []
[2022-02-15 04:12:10] main.DEBUG: cache_invalidate:  {"method":"GET","url":"http:/","invalidateInfo":{"identifier":"DB_PDO_MYSQL_DDL_design_config_grid_flat_4"}} []
[2022-02-15 04:12:15] main.DEBUG: cache_invalidate:  {"method":"GET","url":"http:/","invalidateInfo":{"tags":["LAYOUT_GENERAL_CACHE_TAG"],"mode":"matchingTag"}} []
[2022-02-15 04:12:15] main.DEBUG: cache_invalidate:  {"method":"GET","url":"http:/","invalidateInfo":{"tags":["BLOCK_HTML"],"mode":"matchingTag"}} []
[2022-02-15 04:12:15] main.DEBUG: cache_invalidate:  {"method":"GET","url":"http:/","invalidateInfo":{"tags":["FPC"],"mode":"matchingTag"}} []
[2022-02-15 04:12:21] main.DEBUG: cache_invalidate:  {"method":"GET","url":"http:/","invalidateInfo":{"tags":[],"mode":"all"}} []
[2022-02-15 04:12:21] main.DEBUG: cache_invalidate:  {"method":"GET","url":"http:/","invalidateInfo":{"tags":[],"mode":"all"}} []
[2022-02-15 04:13:06] main.DEBUG: cache_invalidate:  {"method":"GET","url":"http:/","invalidateInfo":{"tags":["FPC"],"mode":"matchingTag"}} []
[2022-02-15 04:13:08] main.DEBUG: cache_invalidate:  {"method":"GET","url":"http:/","invalidateInfo":{"tags":["FPC"],"mode":"matchingTag"}} []
[2022-02-15 04:13:08] main.DEBUG: cache_invalidate:  {"method":"GET","url":"http:/","invalidateInfo":{"tags":["CONFIG"],"mode":"matchingTag"}} []
[2022-02-15 04:13:08] main.DEBUG: cache_invalidate:  {"method":"GET","url":"http:/","invalidateInfo":{"tags":["LAYOUT_GENERAL_CACHE_TAG"],"mode":"matchingTag"}} []
[2022-02-15 04:13:08] main.DEBUG: cache_invalidate:  {"method":"GET","url":"http:/","invalidateInfo":{"tags":["BLOCK_HTML"],"mode":"matchingTag"}} []
[2022-02-15 04:13:08] main.DEBUG: cache_invalidate:  {"method":"GET","url":"http:/","invalidateInfo":{"tags":["COLLECTION_DATA"],"mode":"matchingTag"}} []
[2022-02-15 04:13:08] main.DEBUG: cache_invalidate:  {"method":"GET","url":"http:/","invalidateInfo":{"tags":["REFLECTION"],"mode":"matchingTag"}} []
[2022-02-15 04:13:08] main.DEBUG: cache_invalidate:  {"method":"GET","url":"http:/","invalidateInfo":{"tags":["DB_DDL"],"mode":"matchingTag"}} []
[2022-02-15 04:13:08] main.DEBUG: cache_invalidate:  {"method":"GET","url":"http:/","invalidateInfo":{"tags":["COMPILED_CONFIG"],"mode":"matchingTag"}} []
[2022-02-15 04:13:08] main.DEBUG: cache_invalidate:  {"method":"GET","url":"http:/","invalidateInfo":{"tags":["EAV"],"mode":"matchingTag"}} []
[2022-02-15 04:13:08] main.DEBUG: cache_invalidate:  {"method":"GET","url":"http:/","invalidateInfo":{"tags":["CUSTOMER_NOTIFICATION"],"mode":"matchingTag"}} []
[2022-02-15 04:13:08] main.DEBUG: cache_invalidate:  {"method":"GET","url":"http:/","invalidateInfo":{"tags":["INTEGRATION"],"mode":"matchingTag"}} []
[2022-02-15 04:13:08] main.DEBUG: cache_invalidate:  {"method":"GET","url":"http:/","invalidateInfo":{"tags":["INTEGRATION_API_CONFIG"],"mode":"matchingTag"}} []
[2022-02-15 04:13:08] main.DEBUG: cache_invalidate:  {"method":"GET","url":"http:/","invalidateInfo":{"tags":["FPC"],"mode":"matchingTag"}} []
[2022-02-15 04:13:08] main.DEBUG: cache_invalidate:  {"method":"GET","url":"http:/","invalidateInfo":{"tags":["WEBSERVICE"],"mode":"matchingTag"}} []
[2022-02-15 04:13:08] main.DEBUG: cache_invalidate:  {"method":"GET","url":"http:/","invalidateInfo":{"tags":["TRANSLATE"],"mode":"matchingTag"}} []
[2022-02-15 04:13:08] main.DEBUG: cache_invalidate:  {"method":"GET","url":"http:/","invalidateInfo":{"tags":["VERTEX"],"mode":"matchingTag"}} []
[2022-02-15 05:10:15] main.DEBUG: cache_invalidate:  {"method":"GET","url":"http:/","invalidateInfo":{"tags":["CONFIG"],"mode":"matchingTag"}} []
[2022-02-15 05:10:15] main.DEBUG: cache_invalidate:  {"method":"GET","url":"http:/","invalidateInfo":{"tags":["LAYOUT_GENERAL_CACHE_TAG"],"mode":"matchingTag"}} []
[2022-02-15 05:10:15] main.DEBUG: cache_invalidate:  {"method":"GET","url":"http:/","invalidateInfo":{"tags":["BLOCK_HTML"],"mode":"matchingTag"}} []
[2022-02-15 05:10:15] main.DEBUG: cache_invalidate:  {"method":"GET","url":"http:/","invalidateInfo":{"tags":["COLLECTION_DATA"],"mode":"matchingTag"}} []
[2022-02-15 05:10:15] main.DEBUG: cache_invalidate:  {"method":"GET","url":"http:/","invalidateInfo":{"tags":["REFLECTION"],"mode":"matchingTag"}} []
[2022-02-15 05:10:15] main.DEBUG: cache_invalidate:  {"method":"GET","url":"http:/","invalidateInfo":{"tags":["DB_DDL"],"mode":"matchingTag"}} []
[2022-02-15 05:10:15] main.DEBUG: cache_invalidate:  {"method":"GET","url":"http:/","invalidateInfo":{"tags":["COMPILED_CONFIG"],"mode":"matchingTag"}} []
[2022-02-15 05:10:15] main.DEBUG: cache_invalidate:  {"method":"GET","url":"http:/","invalidateInfo":{"tags":["EAV"],"mode":"matchingTag"}} []
[2022-02-15 05:10:15] main.DEBUG: cache_invalidate:  {"method":"GET","url":"http:/","invalidateInfo":{"tags":["CUSTOMER_NOTIFICATION"],"mode":"matchingTag"}} []
[2022-02-15 05:10:15] main.DEBUG: cache_invalidate:  {"method":"GET","url":"http:/","invalidateInfo":{"tags":["INTEGRATION"],"mode":"matchingTag"}} []
[2022-02-15 05:10:15] main.DEBUG: cache_invalidate:  {"method":"GET","url":"http:/","invalidateInfo":{"tags":["INTEGRATION_API_CONFIG"],"mode":"matchingTag"}} []
[2022-02-15 05:10:17] main.DEBUG: cache_invalidate:  {"method":"GET","url":"http:/","invalidateInfo":{"tags":["FPC"],"mode":"matchingTag"}} []
[2022-02-15 05:10:17] main.DEBUG: cache_invalidate:  {"method":"GET","url":"http:/","invalidateInfo":{"tags":["WEBSERVICE"],"mode":"matchingTag"}} []
[2022-02-15 05:10:17] main.DEBUG: cache_invalidate:  {"method":"GET","url":"http:/","invalidateInfo":{"tags":["TRANSLATE"],"mode":"matchingTag"}} []
[2022-02-15 05:10:17] main.DEBUG: cache_invalidate:  {"method":"GET","url":"http:/","invalidateInfo":{"tags":["VERTEX"],"mode":"matchingTag"}} []
[2022-02-15 05:10:24] main.DEBUG: cache_invalidate:  {"method":"GET","url":"http:/","invalidateInfo":{"tags":["CONFIG"],"mode":"matchingTag"}} []
[2022-02-15 05:10:26] main.DEBUG: cache_invalidate:  {"method":"GET","url":"http:/","invalidateInfo":{"identifier":"DB_PDO_MYSQL_DDL_design_config_grid_flat_1"}} []
[2022-02-15 05:10:26] main.DEBUG: cache_invalidate:  {"method":"GET","url":"http:/","invalidateInfo":{"identifier":"DB_PDO_MYSQL_DDL_design_config_grid_flat_2"}} []
[2022-02-15 05:10:26] main.DEBUG: cache_invalidate:  {"method":"GET","url":"http:/","invalidateInfo":{"identifier":"DB_PDO_MYSQL_DDL_design_config_grid_flat_3"}} []
[2022-02-15 05:10:26] main.DEBUG: cache_invalidate:  {"method":"GET","url":"http:/","invalidateInfo":{"identifier":"DB_PDO_MYSQL_DDL_design_config_grid_flat_4"}} []
[2022-02-15 05:10:26] main.DEBUG: cache_invalidate:  {"method":"GET","url":"http:/","invalidateInfo":{"identifier":"DB_PDO_MYSQL_DDL_design_config_grid_flat_1"}} []
[2022-02-15 05:10:26] main.DEBUG: cache_invalidate:  {"method":"GET","url":"http:/","invalidateInfo":{"identifier":"DB_PDO_MYSQL_DDL_design_config_grid_flat_2"}} []
[2022-02-15 05:10:26] main.DEBUG: cache_invalidate:  {"method":"GET","url":"http:/","invalidateInfo":{"identifier":"DB_PDO_MYSQL_DDL_design_config_grid_flat_3"}} []
[2022-02-15 05:10:26] main.DEBUG: cache_invalidate:  {"method":"GET","url":"http:/","invalidateInfo":{"identifier":"DB_PDO_MYSQL_DDL_design_config_grid_flat_4"}} []
[2022-02-15 05:10:31] main.DEBUG: cache_invalidate:  {"method":"GET","url":"http:/","invalidateInfo":{"tags":["LAYOUT_GENERAL_CACHE_TAG"],"mode":"matchingTag"}} []
[2022-02-15 05:10:31] main.DEBUG: cache_invalidate:  {"method":"GET","url":"http:/","invalidateInfo":{"tags":["BLOCK_HTML"],"mode":"matchingTag"}} []
[2022-02-15 05:10:31] main.DEBUG: cache_invalidate:  {"method":"GET","url":"http:/","invalidateInfo":{"tags":["FPC"],"mode":"matchingTag"}} []
[2022-02-15 05:10:36] main.DEBUG: cache_invalidate:  {"method":"GET","url":"http:/","invalidateInfo":{"tags":[],"mode":"all"}} []
[2022-02-15 05:10:36] main.DEBUG: cache_invalidate:  {"method":"GET","url":"http:/","invalidateInfo":{"tags":[],"mode":"all"}} []
[2022-02-15 05:11:25] main.DEBUG: cache_invalidate:  {"method":"GET","url":"http:/","invalidateInfo":{"tags":["FPC"],"mode":"matchingTag"}} []
[2022-02-15 05:11:27] main.DEBUG: cache_invalidate:  {"method":"GET","url":"http:/","invalidateInfo":{"tags":["FPC"],"mode":"matchingTag"}} []
[2022-02-15 05:11:27] main.DEBUG: cache_invalidate:  {"method":"GET","url":"http:/","invalidateInfo":{"tags":["CONFIG"],"mode":"matchingTag"}} []
[2022-02-15 05:11:27] main.DEBUG: cache_invalidate:  {"method":"GET","url":"http:/","invalidateInfo":{"tags":["LAYOUT_GENERAL_CACHE_TAG"],"mode":"matchingTag"}} []
[2022-02-15 05:11:27] main.DEBUG: cache_invalidate:  {"method":"GET","url":"http:/","invalidateInfo":{"tags":["BLOCK_HTML"],"mode":"matchingTag"}} []
[2022-02-15 05:11:27] main.DEBUG: cache_invalidate:  {"method":"GET","url":"http:/","invalidateInfo":{"tags":["COLLECTION_DATA"],"mode":"matchingTag"}} []
[2022-02-15 05:11:27] main.DEBUG: cache_invalidate:  {"method":"GET","url":"http:/","invalidateInfo":{"tags":["REFLECTION"],"mode":"matchingTag"}} []
[2022-02-15 05:11:27] main.DEBUG: cache_invalidate:  {"method":"GET","url":"http:/","invalidateInfo":{"tags":["DB_DDL"],"mode":"matchingTag"}} []
[2022-02-15 05:11:27] main.DEBUG: cache_invalidate:  {"method":"GET","url":"http:/","invalidateInfo":{"tags":["COMPILED_CONFIG"],"mode":"matchingTag"}} []
[2022-02-15 05:11:27] main.DEBUG: cache_invalidate:  {"method":"GET","url":"http:/","invalidateInfo":{"tags":["EAV"],"mode":"matchingTag"}} []
[2022-02-15 05:11:27] main.DEBUG: cache_invalidate:  {"method":"GET","url":"http:/","invalidateInfo":{"tags":["CUSTOMER_NOTIFICATION"],"mode":"matchingTag"}} []
[2022-02-15 05:11:27] main.DEBUG: cache_invalidate:  {"method":"GET","url":"http:/","invalidateInfo":{"tags":["INTEGRATION"],"mode":"matchingTag"}} []
[2022-02-15 05:11:27] main.DEBUG: cache_invalidate:  {"method":"GET","url":"http:/","invalidateInfo":{"tags":["INTEGRATION_API_CONFIG"],"mode":"matchingTag"}} []
[2022-02-15 05:11:27] main.DEBUG: cache_invalidate:  {"method":"GET","url":"http:/","invalidateInfo":{"tags":["FPC"],"mode":"matchingTag"}} []
[2022-02-15 05:11:27] main.DEBUG: cache_invalidate:  {"method":"GET","url":"http:/","invalidateInfo":{"tags":["WEBSERVICE"],"mode":"matchingTag"}} []
[2022-02-15 05:11:27] main.DEBUG: cache_invalidate:  {"method":"GET","url":"http:/","invalidateInfo":{"tags":["TRANSLATE"],"mode":"matchingTag"}} []
[2022-02-15 05:11:27] main.DEBUG: cache_invalidate:  {"method":"GET","url":"http:/","invalidateInfo":{"tags":["VERTEX"],"mode":"matchingTag"}} []
[2022-02-15 05:12:40] main.DEBUG: cache_invalidate:  {"method":"GET","url":"http:/","invalidateInfo":{"tags":["CONFIG"],"mode":"matchingTag"}} []
[2022-02-15 05:12:40] main.DEBUG: cache_invalidate:  {"method":"GET","url":"http:/","invalidateInfo":{"tags":["LAYOUT_GENERAL_CACHE_TAG"],"mode":"matchingTag"}} []
[2022-02-15 05:12:40] main.DEBUG: cache_invalidate:  {"method":"GET","url":"http:/","invalidateInfo":{"tags":["BLOCK_HTML"],"mode":"matchingTag"}} []
[2022-02-15 05:12:40] main.DEBUG: cache_invalidate:  {"method":"GET","url":"http:/","invalidateInfo":{"tags":["COLLECTION_DATA"],"mode":"matchingTag"}} []
[2022-02-15 05:12:40] main.DEBUG: cache_invalidate:  {"method":"GET","url":"http:/","invalidateInfo":{"tags":["REFLECTION"],"mode":"matchingTag"}} []
[2022-02-15 05:12:40] main.DEBUG: cache_invalidate:  {"method":"GET","url":"http:/","invalidateInfo":{"tags":["DB_DDL"],"mode":"matchingTag"}} []
[2022-02-15 05:12:40] main.DEBUG: cache_invalidate:  {"method":"GET","url":"http:/","invalidateInfo":{"tags":["COMPILED_CONFIG"],"mode":"matchingTag"}} []
[2022-02-15 05:12:40] main.DEBUG: cache_invalidate:  {"method":"GET","url":"http:/","invalidateInfo":{"tags":["EAV"],"mode":"matchingTag"}} []
[2022-02-15 05:12:40] main.DEBUG: cache_invalidate:  {"method":"GET","url":"http:/","invalidateInfo":{"tags":["CUSTOMER_NOTIFICATION"],"mode":"matchingTag"}} []
[2022-02-15 05:12:40] main.DEBUG: cache_invalidate:  {"method":"GET","url":"http:/","invalidateInfo":{"tags":["INTEGRATION"],"mode":"matchingTag"}} []
[2022-02-15 05:12:40] main.DEBUG: cache_invalidate:  {"method":"GET","url":"http:/","invalidateInfo":{"tags":["INTEGRATION_API_CONFIG"],"mode":"matchingTag"}} []
[2022-02-15 05:12:42] main.DEBUG: cache_invalidate:  {"method":"GET","url":"http:/","invalidateInfo":{"tags":["FPC"],"mode":"matchingTag"}} []
[2022-02-15 05:12:42] main.DEBUG: cache_invalidate:  {"method":"GET","url":"http:/","invalidateInfo":{"tags":["WEBSERVICE"],"mode":"matchingTag"}} []
[2022-02-15 05:12:42] main.DEBUG: cache_invalidate:  {"method":"GET","url":"http:/","invalidateInfo":{"tags":["TRANSLATE"],"mode":"matchingTag"}} []
[2022-02-15 05:12:42] main.DEBUG: cache_invalidate:  {"method":"GET","url":"http:/","invalidateInfo":{"tags":["VERTEX"],"mode":"matchingTag"}} []
[2022-02-15 05:12:46] main.DEBUG: cache_invalidate:  {"method":"GET","url":"http:/","invalidateInfo":{"tags":["CONFIG"],"mode":"matchingTag"}} []
[2022-02-15 05:12:48] main.DEBUG: cache_invalidate:  {"method":"GET","url":"http:/","invalidateInfo":{"identifier":"DB_PDO_MYSQL_DDL_design_config_grid_flat_1"}} []
[2022-02-15 05:12:48] main.DEBUG: cache_invalidate:  {"method":"GET","url":"http:/","invalidateInfo":{"identifier":"DB_PDO_MYSQL_DDL_design_config_grid_flat_2"}} []
[2022-02-15 05:12:48] main.DEBUG: cache_invalidate:  {"method":"GET","url":"http:/","invalidateInfo":{"identifier":"DB_PDO_MYSQL_DDL_design_config_grid_flat_3"}} []
[2022-02-15 05:12:48] main.DEBUG: cache_invalidate:  {"method":"GET","url":"http:/","invalidateInfo":{"identifier":"DB_PDO_MYSQL_DDL_design_config_grid_flat_4"}} []
[2022-02-15 05:12:48] main.DEBUG: cache_invalidate:  {"method":"GET","url":"http:/","invalidateInfo":{"identifier":"DB_PDO_MYSQL_DDL_design_config_grid_flat_1"}} []
[2022-02-15 05:12:48] main.DEBUG: cache_invalidate:  {"method":"GET","url":"http:/","invalidateInfo":{"identifier":"DB_PDO_MYSQL_DDL_design_config_grid_flat_2"}} []
[2022-02-15 05:12:48] main.DEBUG: cache_invalidate:  {"method":"GET","url":"http:/","invalidateInfo":{"identifier":"DB_PDO_MYSQL_DDL_design_config_grid_flat_3"}} []
[2022-02-15 05:12:48] main.DEBUG: cache_invalidate:  {"method":"GET","url":"http:/","invalidateInfo":{"identifier":"DB_PDO_MYSQL_DDL_design_config_grid_flat_4"}} []
[2022-02-15 05:12:52] main.DEBUG: cache_invalidate:  {"method":"GET","url":"http:/","invalidateInfo":{"tags":["LAYOUT_GENERAL_CACHE_TAG"],"mode":"matchingTag"}} []
[2022-02-15 05:12:52] main.DEBUG: cache_invalidate:  {"method":"GET","url":"http:/","invalidateInfo":{"tags":["BLOCK_HTML"],"mode":"matchingTag"}} []
[2022-02-15 05:12:52] main.DEBUG: cache_invalidate:  {"method":"GET","url":"http:/","invalidateInfo":{"tags":["FPC"],"mode":"matchingTag"}} []
[2022-02-15 05:12:57] main.DEBUG: cache_invalidate:  {"method":"GET","url":"http:/","invalidateInfo":{"tags":[],"mode":"all"}} []
[2022-02-15 05:12:57] main.DEBUG: cache_invalidate:  {"method":"GET","url":"http:/","invalidateInfo":{"tags":[],"mode":"all"}} []
[2022-02-15 05:13:32] main.DEBUG: cache_invalidate:  {"method":"GET","url":"http:/","invalidateInfo":{"tags":["FPC"],"mode":"matchingTag"}} []
[2022-02-15 05:13:33] main.DEBUG: cache_invalidate:  {"method":"GET","url":"http:/","invalidateInfo":{"tags":["FPC"],"mode":"matchingTag"}} []
[2022-02-15 05:13:33] main.DEBUG: cache_invalidate:  {"method":"GET","url":"http:/","invalidateInfo":{"tags":["CONFIG"],"mode":"matchingTag"}} []
[2022-02-15 05:13:33] main.DEBUG: cache_invalidate:  {"method":"GET","url":"http:/","invalidateInfo":{"tags":["LAYOUT_GENERAL_CACHE_TAG"],"mode":"matchingTag"}} []
[2022-02-15 05:13:33] main.DEBUG: cache_invalidate:  {"method":"GET","url":"http:/","invalidateInfo":{"tags":["BLOCK_HTML"],"mode":"matchingTag"}} []
[2022-02-15 05:13:33] main.DEBUG: cache_invalidate:  {"method":"GET","url":"http:/","invalidateInfo":{"tags":["COLLECTION_DATA"],"mode":"matchingTag"}} []
[2022-02-15 05:13:33] main.DEBUG: cache_invalidate:  {"method":"GET","url":"http:/","invalidateInfo":{"tags":["REFLECTION"],"mode":"matchingTag"}} []
[2022-02-15 05:13:33] main.DEBUG: cache_invalidate:  {"method":"GET","url":"http:/","invalidateInfo":{"tags":["DB_DDL"],"mode":"matchingTag"}} []
[2022-02-15 05:13:33] main.DEBUG: cache_invalidate:  {"method":"GET","url":"http:/","invalidateInfo":{"tags":["COMPILED_CONFIG"],"mode":"matchingTag"}} []
[2022-02-15 05:13:33] main.DEBUG: cache_invalidate:  {"method":"GET","url":"http:/","invalidateInfo":{"tags":["EAV"],"mode":"matchingTag"}} []
[2022-02-15 05:13:33] main.DEBUG: cache_invalidate:  {"method":"GET","url":"http:/","invalidateInfo":{"tags":["CUSTOMER_NOTIFICATION"],"mode":"matchingTag"}} []
[2022-02-15 05:13:33] main.DEBUG: cache_invalidate:  {"method":"GET","url":"http:/","invalidateInfo":{"tags":["INTEGRATION"],"mode":"matchingTag"}} []
[2022-02-15 05:13:33] main.DEBUG: cache_invalidate:  {"method":"GET","url":"http:/","invalidateInfo":{"tags":["INTEGRATION_API_CONFIG"],"mode":"matchingTag"}} []
[2022-02-15 05:13:33] main.DEBUG: cache_invalidate:  {"method":"GET","url":"http:/","invalidateInfo":{"tags":["FPC"],"mode":"matchingTag"}} []
[2022-02-15 05:13:33] main.DEBUG: cache_invalidate:  {"method":"GET","url":"http:/","invalidateInfo":{"tags":["WEBSERVICE"],"mode":"matchingTag"}} []
[2022-02-15 05:13:33] main.DEBUG: cache_invalidate:  {"method":"GET","url":"http:/","invalidateInfo":{"tags":["TRANSLATE"],"mode":"matchingTag"}} []
[2022-02-15 05:13:33] main.DEBUG: cache_invalidate:  {"method":"GET","url":"http:/","invalidateInfo":{"tags":["VERTEX"],"mode":"matchingTag"}} []
[2022-02-15 05:15:40] main.DEBUG: cache_invalidate:  {"method":"GET","url":"http:/","invalidateInfo":{"tags":["CONFIG"],"mode":"matchingTag"}} []
[2022-02-15 05:15:40] main.DEBUG: cache_invalidate:  {"method":"GET","url":"http:/","invalidateInfo":{"tags":["LAYOUT_GENERAL_CACHE_TAG"],"mode":"matchingTag"}} []
[2022-02-15 05:15:40] main.DEBUG: cache_invalidate:  {"method":"GET","url":"http:/","invalidateInfo":{"tags":["BLOCK_HTML"],"mode":"matchingTag"}} []
[2022-02-15 05:15:40] main.DEBUG: cache_invalidate:  {"method":"GET","url":"http:/","invalidateInfo":{"tags":["COLLECTION_DATA"],"mode":"matchingTag"}} []
[2022-02-15 05:15:40] main.DEBUG: cache_invalidate:  {"method":"GET","url":"http:/","invalidateInfo":{"tags":["REFLECTION"],"mode":"matchingTag"}} []
[2022-02-15 05:15:40] main.DEBUG: cache_invalidate:  {"method":"GET","url":"http:/","invalidateInfo":{"tags":["DB_DDL"],"mode":"matchingTag"}} []
[2022-02-15 05:15:40] main.DEBUG: cache_invalidate:  {"method":"GET","url":"http:/","invalidateInfo":{"tags":["COMPILED_CONFIG"],"mode":"matchingTag"}} []
[2022-02-15 05:15:40] main.DEBUG: cache_invalidate:  {"method":"GET","url":"http:/","invalidateInfo":{"tags":["EAV"],"mode":"matchingTag"}} []
[2022-02-15 05:15:40] main.DEBUG: cache_invalidate:  {"method":"GET","url":"http:/","invalidateInfo":{"tags":["CUSTOMER_NOTIFICATION"],"mode":"matchingTag"}} []
[2022-02-15 05:15:40] main.DEBUG: cache_invalidate:  {"method":"GET","url":"http:/","invalidateInfo":{"tags":["INTEGRATION"],"mode":"matchingTag"}} []
[2022-02-15 05:15:40] main.DEBUG: cache_invalidate:  {"method":"GET","url":"http:/","invalidateInfo":{"tags":["INTEGRATION_API_CONFIG"],"mode":"matchingTag"}} []
[2022-02-15 05:15:42] main.DEBUG: cache_invalidate:  {"method":"GET","url":"http:/","invalidateInfo":{"tags":["FPC"],"mode":"matchingTag"}} []
[2022-02-15 05:15:42] main.DEBUG: cache_invalidate:  {"method":"GET","url":"http:/","invalidateInfo":{"tags":["WEBSERVICE"],"mode":"matchingTag"}} []
[2022-02-15 05:15:42] main.DEBUG: cache_invalidate:  {"method":"GET","url":"http:/","invalidateInfo":{"tags":["TRANSLATE"],"mode":"matchingTag"}} []
[2022-02-15 05:15:42] main.DEBUG: cache_invalidate:  {"method":"GET","url":"http:/","invalidateInfo":{"tags":["VERTEX"],"mode":"matchingTag"}} []
[2022-02-15 05:15:46] main.DEBUG: cache_invalidate:  {"method":"GET","url":"http:/","invalidateInfo":{"tags":["CONFIG"],"mode":"matchingTag"}} []
[2022-02-15 05:15:48] main.DEBUG: cache_invalidate:  {"method":"GET","url":"http:/","invalidateInfo":{"identifier":"DB_PDO_MYSQL_DDL_design_config_grid_flat_1"}} []
[2022-02-15 05:15:48] main.DEBUG: cache_invalidate:  {"method":"GET","url":"http:/","invalidateInfo":{"identifier":"DB_PDO_MYSQL_DDL_design_config_grid_flat_2"}} []
[2022-02-15 05:15:48] main.DEBUG: cache_invalidate:  {"method":"GET","url":"http:/","invalidateInfo":{"identifier":"DB_PDO_MYSQL_DDL_design_config_grid_flat_3"}} []
[2022-02-15 05:15:48] main.DEBUG: cache_invalidate:  {"method":"GET","url":"http:/","invalidateInfo":{"identifier":"DB_PDO_MYSQL_DDL_design_config_grid_flat_4"}} []
[2022-02-15 05:15:48] main.DEBUG: cache_invalidate:  {"method":"GET","url":"http:/","invalidateInfo":{"identifier":"DB_PDO_MYSQL_DDL_design_config_grid_flat_1"}} []
[2022-02-15 05:15:48] main.DEBUG: cache_invalidate:  {"method":"GET","url":"http:/","invalidateInfo":{"identifier":"DB_PDO_MYSQL_DDL_design_config_grid_flat_2"}} []
[2022-02-15 05:15:48] main.DEBUG: cache_invalidate:  {"method":"GET","url":"http:/","invalidateInfo":{"identifier":"DB_PDO_MYSQL_DDL_design_config_grid_flat_3"}} []
[2022-02-15 05:15:48] main.DEBUG: cache_invalidate:  {"method":"GET","url":"http:/","invalidateInfo":{"identifier":"DB_PDO_MYSQL_DDL_design_config_grid_flat_4"}} []
[2022-02-15 05:15:53] main.DEBUG: cache_invalidate:  {"method":"GET","url":"http:/","invalidateInfo":{"tags":["LAYOUT_GENERAL_CACHE_TAG"],"mode":"matchingTag"}} []
[2022-02-15 05:15:53] main.DEBUG: cache_invalidate:  {"method":"GET","url":"http:/","invalidateInfo":{"tags":["BLOCK_HTML"],"mode":"matchingTag"}} []
[2022-02-15 05:15:53] main.DEBUG: cache_invalidate:  {"method":"GET","url":"http:/","invalidateInfo":{"tags":["FPC"],"mode":"matchingTag"}} []
[2022-02-15 05:15:57] main.DEBUG: cache_invalidate:  {"method":"GET","url":"http:/","invalidateInfo":{"tags":[],"mode":"all"}} []
[2022-02-15 05:15:57] main.DEBUG: cache_invalidate:  {"method":"GET","url":"http:/","invalidateInfo":{"tags":[],"mode":"all"}} []
[2022-02-15 05:16:35] main.DEBUG: cache_invalidate:  {"method":"GET","url":"http:/","invalidateInfo":{"tags":["FPC"],"mode":"matchingTag"}} []
[2022-02-15 05:16:37] main.DEBUG: cache_invalidate:  {"method":"GET","url":"http:/","invalidateInfo":{"tags":["FPC"],"mode":"matchingTag"}} []
[2022-02-15 05:16:37] main.DEBUG: cache_invalidate:  {"method":"GET","url":"http:/","invalidateInfo":{"tags":["CONFIG"],"mode":"matchingTag"}} []
[2022-02-15 05:16:37] main.DEBUG: cache_invalidate:  {"method":"GET","url":"http:/","invalidateInfo":{"tags":["LAYOUT_GENERAL_CACHE_TAG"],"mode":"matchingTag"}} []
[2022-02-15 05:16:37] main.DEBUG: cache_invalidate:  {"method":"GET","url":"http:/","invalidateInfo":{"tags":["BLOCK_HTML"],"mode":"matchingTag"}} []
[2022-02-15 05:16:37] main.DEBUG: cache_invalidate:  {"method":"GET","url":"http:/","invalidateInfo":{"tags":["COLLECTION_DATA"],"mode":"matchingTag"}} []
[2022-02-15 05:16:37] main.DEBUG: cache_invalidate:  {"method":"GET","url":"http:/","invalidateInfo":{"tags":["REFLECTION"],"mode":"matchingTag"}} []
[2022-02-15 05:16:37] main.DEBUG: cache_invalidate:  {"method":"GET","url":"http:/","invalidateInfo":{"tags":["DB_DDL"],"mode":"matchingTag"}} []
[2022-02-15 05:16:37] main.DEBUG: cache_invalidate:  {"method":"GET","url":"http:/","invalidateInfo":{"tags":["COMPILED_CONFIG"],"mode":"matchingTag"}} []
[2022-02-15 05:16:37] main.DEBUG: cache_invalidate:  {"method":"GET","url":"http:/","invalidateInfo":{"tags":["EAV"],"mode":"matchingTag"}} []
[2022-02-15 05:16:37] main.DEBUG: cache_invalidate:  {"method":"GET","url":"http:/","invalidateInfo":{"tags":["CUSTOMER_NOTIFICATION"],"mode":"matchingTag"}} []
[2022-02-15 05:16:37] main.DEBUG: cache_invalidate:  {"method":"GET","url":"http:/","invalidateInfo":{"tags":["INTEGRATION"],"mode":"matchingTag"}} []
[2022-02-15 05:16:37] main.DEBUG: cache_invalidate:  {"method":"GET","url":"http:/","invalidateInfo":{"tags":["INTEGRATION_API_CONFIG"],"mode":"matchingTag"}} []
[2022-02-15 05:16:37] main.DEBUG: cache_invalidate:  {"method":"GET","url":"http:/","invalidateInfo":{"tags":["FPC"],"mode":"matchingTag"}} []
[2022-02-15 05:16:37] main.DEBUG: cache_invalidate:  {"method":"GET","url":"http:/","invalidateInfo":{"tags":["WEBSERVICE"],"mode":"matchingTag"}} []
[2022-02-15 05:16:37] main.DEBUG: cache_invalidate:  {"method":"GET","url":"http:/","invalidateInfo":{"tags":["TRANSLATE"],"mode":"matchingTag"}} []
[2022-02-15 05:16:37] main.DEBUG: cache_invalidate:  {"method":"GET","url":"http:/","invalidateInfo":{"tags":["VERTEX"],"mode":"matchingTag"}} []
[2022-02-15 05:21:26] main.ERROR: Syntax Error: Unexpected <EOF> {"exception":"[object] (GraphQL\\Error\\SyntaxError(code: 0): Syntax Error: Unexpected <EOF> at /var/www/html/dev/m240p1/vendor/webonyx/graphql-php/src/Language/Parser.php:296)"} []
[2022-02-15 08:32:21] main.ERROR: Field "options" of type "[AggregationOption]" must have a sub selection. {"exception":"[object] (GraphQL\\Error\\Error(code: 0): Field \"options\" of type \"[AggregationOption]\" must have a sub selection. at /var/www/html/dev/m240p1/vendor/webonyx/graphql-php/src/Validator/Rules/ScalarLeafs.php:33)"} []
[2022-02-15 08:32:21] main.ERROR: Field "filter_items" of type "[LayerFilterItemInterface]" must have a sub selection. {"exception":"[object] (GraphQL\\Error\\Error(code: 0): Field \"filter_items\" of type \"[LayerFilterItemInterface]\" must have a sub selection. at /var/www/html/dev/m240p1/vendor/webonyx/graphql-php/src/Validator/Rules/ScalarLeafs.php:33)"} []
[2022-02-15 08:32:21] main.ERROR: Field "items" of type "[ProductInterface]" must have a sub selection. {"exception":"[object] (GraphQL\\Error\\Error(code: 0): Field \"items\" of type \"[ProductInterface]\" must have a sub selection. at /var/www/html/dev/m240p1/vendor/webonyx/graphql-php/src/Validator/Rules/ScalarLeafs.php:33)"} []
[2022-02-15 08:32:21] main.ERROR: Field "options" of type "[SortField]" must have a sub selection. {"exception":"[object] (GraphQL\\Error\\Error(code: 0): Field \"options\" of type \"[SortField]\" must have a sub selection. at /var/www/html/dev/m240p1/vendor/webonyx/graphql-php/src/Validator/Rules/ScalarLeafs.php:33)"} []
[2022-02-15 08:32:33] main.ERROR: Field "options" of type "[AggregationOption]" must have a sub selection. {"exception":"[object] (GraphQL\\Error\\Error(code: 0): Field \"options\" of type \"[AggregationOption]\" must have a sub selection. at /var/www/html/dev/m240p1/vendor/webonyx/graphql-php/src/Validator/Rules/ScalarLeafs.php:33)"} []
[2022-02-15 08:32:33] main.ERROR: Field "filter_items" of type "[LayerFilterItemInterface]" must have a sub selection. {"exception":"[object] (GraphQL\\Error\\Error(code: 0): Field \"filter_items\" of type \"[LayerFilterItemInterface]\" must have a sub selection. at /var/www/html/dev/m240p1/vendor/webonyx/graphql-php/src/Validator/Rules/ScalarLeafs.php:33)"} []
[2022-02-15 08:32:33] main.ERROR: Field "items" of type "[ProductInterface]" must have a sub selection. {"exception":"[object] (GraphQL\\Error\\Error(code: 0): Field \"items\" of type \"[ProductInterface]\" must have a sub selection. at /var/www/html/dev/m240p1/vendor/webonyx/graphql-php/src/Validator/Rules/ScalarLeafs.php:33)"} []
[2022-02-15 08:32:33] main.ERROR: Field "options" of type "[SortField]" must have a sub selection. {"exception":"[object] (GraphQL\\Error\\Error(code: 0): Field \"options\" of type \"[SortField]\" must have a sub selection. at /var/www/html/dev/m240p1/vendor/webonyx/graphql-php/src/Validator/Rules/ScalarLeafs.php:33)"} []
